<?xml version="1.0" encoding="UTF-8"?>
<testsuite xmlns:xsi="http://www.w3.org/2001/XMLSchema-instance" xsi:noNamespaceSchemaLocation="https://maven.apache.org/surefire/maven-surefire-plugin/xsd/surefire-test-report.xsd" name="conduitApp.ConduitTest" time="9.36" tests="1" errors="0" skipped="0" failures="1">
  <properties>
    <property name="java.specification.version" value="21"/>
    <property name="sun.cpu.isalist" value="amd64"/>
    <property name="sun.jnu.encoding" value="Cp1252"/>
    <property name="java.class.path" value="C:\karate\challenge-karateDSL\target\test-classes;C:\karate\challenge-karateDSL\target\classes;C:\Users\Luciano Copado\.m2\repository\com\intuit\karate\karate-junit5\1.4.0\karate-junit5-1.4.0.jar;C:\Users\Luciano Copado\.m2\repository\com\intuit\karate\karate-core\1.4.0\karate-core-1.4.0.jar;C:\Users\Luciano Copado\.m2\repository\org\graalvm\js\js-scriptengine\22.3.0\js-scriptengine-22.3.0.jar;C:\Users\Luciano Copado\.m2\repository\org\graalvm\sdk\graal-sdk\22.3.0\graal-sdk-22.3.0.jar;C:\Users\Luciano Copado\.m2\repository\org\graalvm\js\js\22.3.0\js-22.3.0.jar;C:\Users\Luciano Copado\.m2\repository\org\graalvm\regex\regex\22.3.0\regex-22.3.0.jar;C:\Users\Luciano Copado\.m2\repository\org\graalvm\truffle\truffle-api\22.3.0\truffle-api-22.3.0.jar;C:\Users\Luciano Copado\.m2\repository\com\ibm\icu\icu4j\71.1\icu4j-71.1.jar;C:\Users\Luciano Copado\.m2\repository\org\thymeleaf\thymeleaf\3.0.14.RELEASE\thymeleaf-3.0.14.RELEASE.jar;C:\Users\Luciano Copado\.m2\repository\ognl\ognl\3.1.26\ognl-3.1.26.jar;C:\Users\Luciano Copado\.m2\repository\org\javassist\javassist\3.20.0-GA\javassist-3.20.0-GA.jar;C:\Users\Luciano Copado\.m2\repository\org\attoparser\attoparser\2.0.5.RELEASE\attoparser-2.0.5.RELEASE.jar;C:\Users\Luciano Copado\.m2\repository\org\unbescape\unbescape\1.1.6.RELEASE\unbescape-1.1.6.RELEASE.jar;C:\Users\Luciano Copado\.m2\repository\org\slf4j\slf4j-api\1.7.25\slf4j-api-1.7.25.jar;C:\Users\Luciano Copado\.m2\repository\com\linecorp\armeria\armeria\1.22.0\armeria-1.22.0.jar;C:\Users\Luciano Copado\.m2\repository\com\fasterxml\jackson\core\jackson-core\2.14.2\jackson-core-2.14.2.jar;C:\Users\Luciano Copado\.m2\repository\com\fasterxml\jackson\core\jackson-annotations\2.14.2\jackson-annotations-2.14.2.jar;C:\Users\Luciano Copado\.m2\repository\com\fasterxml\jackson\core\jackson-databind\2.14.2\jackson-databind-2.14.2.jar;C:\Users\Luciano Copado\.m2\repository\com\fasterxml\jackson\datatype\jackson-datatype-jdk8\2.14.2\jackson-datatype-jdk8-2.14.2.jar;C:\Users\Luciano Copado\.m2\repository\com\fasterxml\jackson\datatype\jackson-datatype-jsr310\2.14.2\jackson-datatype-jsr310-2.14.2.jar;C:\Users\Luciano Copado\.m2\repository\io\micrometer\micrometer-core\1.10.3\micrometer-core-1.10.3.jar;C:\Users\Luciano Copado\.m2\repository\io\micrometer\micrometer-commons\1.10.3\micrometer-commons-1.10.3.jar;C:\Users\Luciano Copado\.m2\repository\io\micrometer\micrometer-observation\1.10.3\micrometer-observation-1.10.3.jar;C:\Users\Luciano Copado\.m2\repository\org\hdrhistogram\HdrHistogram\2.1.12\HdrHistogram-2.1.12.jar;C:\Users\Luciano Copado\.m2\repository\org\latencyutils\LatencyUtils\2.0.3\LatencyUtils-2.0.3.jar;C:\Users\Luciano Copado\.m2\repository\io\netty\netty-transport\4.1.87.Final\netty-transport-4.1.87.Final.jar;C:\Users\Luciano Copado\.m2\repository\io\netty\netty-common\4.1.87.Final\netty-common-4.1.87.Final.jar;C:\Users\Luciano Copado\.m2\repository\io\netty\netty-buffer\4.1.87.Final\netty-buffer-4.1.87.Final.jar;C:\Users\Luciano Copado\.m2\repository\io\netty\netty-resolver\4.1.87.Final\netty-resolver-4.1.87.Final.jar;C:\Users\Luciano Copado\.m2\repository\io\netty\netty-codec-haproxy\4.1.87.Final\netty-codec-haproxy-4.1.87.Final.jar;C:\Users\Luciano Copado\.m2\repository\io\netty\netty-codec\4.1.87.Final\netty-codec-4.1.87.Final.jar;C:\Users\Luciano Copado\.m2\repository\io\netty\netty-codec-http2\4.1.87.Final\netty-codec-http2-4.1.87.Final.jar;C:\Users\Luciano Copado\.m2\repository\io\netty\netty-handler\4.1.87.Final\netty-handler-4.1.87.Final.jar;C:\Users\Luciano Copado\.m2\repository\io\netty\netty-codec-http\4.1.87.Final\netty-codec-http-4.1.87.Final.jar;C:\Users\Luciano Copado\.m2\repository\io\netty\netty-resolver-dns\4.1.87.Final\netty-resolver-dns-4.1.87.Final.jar;C:\Users\Luciano Copado\.m2\repository\io\netty\netty-codec-dns\4.1.87.Final\netty-codec-dns-4.1.87.Final.jar;C:\Users\Luciano Copado\.m2\repository\org\reactivestreams\reactive-streams\1.0.4\reactive-streams-1.0.4.jar;C:\Users\Luciano Copado\.m2\repository\com\google\code\findbugs\jsr305\3.0.2\jsr305-3.0.2.jar;C:\Users\Luciano Copado\.m2\repository\io\netty\netty-transport-native-unix-common\4.1.87.Final\netty-transport-native-unix-common-4.1.87.Final-linux-x86_64.jar;C:\Users\Luciano Copado\.m2\repository\io\netty\netty-transport-native-epoll\4.1.87.Final\netty-transport-native-epoll-4.1.87.Final-linux-x86_64.jar;C:\Users\Luciano Copado\.m2\repository\io\netty\netty-transport-native-unix-common\4.1.87.Final\netty-transport-native-unix-common-4.1.87.Final.jar;C:\Users\Luciano Copado\.m2\repository\io\netty\netty-transport-classes-epoll\4.1.87.Final\netty-transport-classes-epoll-4.1.87.Final.jar;C:\Users\Luciano Copado\.m2\repository\io\netty\netty-resolver-dns-native-macos\4.1.87.Final\netty-resolver-dns-native-macos-4.1.87.Final-osx-x86_64.jar;C:\Users\Luciano Copado\.m2\repository\io\netty\netty-resolver-dns-classes-macos\4.1.87.Final\netty-resolver-dns-classes-macos-4.1.87.Final.jar;C:\Users\Luciano Copado\.m2\repository\io\netty\netty-resolver-dns-native-macos\4.1.87.Final\netty-resolver-dns-native-macos-4.1.87.Final-osx-aarch_64.jar;C:\Users\Luciano Copado\.m2\repository\io\netty\netty-tcnative-boringssl-static\2.0.56.Final\netty-tcnative-boringssl-static-2.0.56.Final-linux-x86_64.jar;C:\Users\Luciano Copado\.m2\repository\io\netty\netty-tcnative-classes\2.0.56.Final\netty-tcnative-classes-2.0.56.Final.jar;C:\Users\Luciano Copado\.m2\repository\io\netty\netty-tcnative-boringssl-static\2.0.56.Final\netty-tcnative-boringssl-static-2.0.56.Final-linux-aarch_64.jar;C:\Users\Luciano Copado\.m2\repository\io\netty\netty-tcnative-boringssl-static\2.0.56.Final\netty-tcnative-boringssl-static-2.0.56.Final-osx-x86_64.jar;C:\Users\Luciano Copado\.m2\repository\io\netty\netty-tcnative-boringssl-static\2.0.56.Final\netty-tcnative-boringssl-static-2.0.56.Final-osx-aarch_64.jar;C:\Users\Luciano Copado\.m2\repository\io\netty\netty-tcnative-boringssl-static\2.0.56.Final\netty-tcnative-boringssl-static-2.0.56.Final-windows-x86_64.jar;C:\Users\Luciano Copado\.m2\repository\io\netty\netty-handler-proxy\4.1.87.Final\netty-handler-proxy-4.1.87.Final.jar;C:\Users\Luciano Copado\.m2\repository\io\netty\netty-codec-socks\4.1.87.Final\netty-codec-socks-4.1.87.Final.jar;C:\Users\Luciano Copado\.m2\repository\com\aayushatharva\brotli4j\brotli4j\1.9.0\brotli4j-1.9.0.jar;C:\Users\Luciano Copado\.m2\repository\org\apache\httpcomponents\httpclient\4.5.14\httpclient-4.5.14.jar;C:\Users\Luciano Copado\.m2\repository\org\apache\httpcomponents\httpcore\4.4.16\httpcore-4.4.16.jar;C:\Users\Luciano Copado\.m2\repository\commons-codec\commons-codec\1.11\commons-codec-1.11.jar;C:\Users\Luciano Copado\.m2\repository\ch\qos\logback\logback-classic\1.2.9\logback-classic-1.2.9.jar;C:\Users\Luciano Copado\.m2\repository\ch\qos\logback\logback-core\1.2.9\logback-core-1.2.9.jar;C:\Users\Luciano Copado\.m2\repository\org\slf4j\jcl-over-slf4j\1.7.32\jcl-over-slf4j-1.7.32.jar;C:\Users\Luciano Copado\.m2\repository\org\antlr\antlr4-runtime\4.11.1\antlr4-runtime-4.11.1.jar;C:\Users\Luciano Copado\.m2\repository\com\jayway\jsonpath\json-path\2.8.0\json-path-2.8.0.jar;C:\Users\Luciano Copado\.m2\repository\net\minidev\json-smart\2.4.10\json-smart-2.4.10.jar;C:\Users\Luciano Copado\.m2\repository\net\minidev\accessors-smart\2.4.9\accessors-smart-2.4.9.jar;C:\Users\Luciano Copado\.m2\repository\org\ow2\asm\asm\9.3\asm-9.3.jar;C:\Users\Luciano Copado\.m2\repository\org\yaml\snakeyaml\2.0\snakeyaml-2.0.jar;C:\Users\Luciano Copado\.m2\repository\de\siegmar\fastcsv\2.2.1\fastcsv-2.2.1.jar;C:\Users\Luciano Copado\.m2\repository\info\picocli\picocli\4.7.1\picocli-4.7.1.jar;C:\Users\Luciano Copado\.m2\repository\io\github\classgraph\classgraph\4.8.152\classgraph-4.8.152.jar;C:\Users\Luciano Copado\.m2\repository\io\github\t12y\resemble\1.0.2\resemble-1.0.2.jar;C:\Users\Luciano Copado\.m2\repository\io\github\t12y\ssim\1.0.0\ssim-1.0.0.jar;C:\Users\Luciano Copado\.m2\repository\org\junit\jupiter\junit-jupiter-api\5.9.1\junit-jupiter-api-5.9.1.jar;C:\Users\Luciano Copado\.m2\repository\org\opentest4j\opentest4j\1.2.0\opentest4j-1.2.0.jar;C:\Users\Luciano Copado\.m2\repository\org\junit\platform\junit-platform-commons\1.9.1\junit-platform-commons-1.9.1.jar;C:\Users\Luciano Copado\.m2\repository\org\apiguardian\apiguardian-api\1.1.2\apiguardian-api-1.1.2.jar;C:\Users\Luciano Copado\.m2\repository\org\junit\jupiter\junit-jupiter-engine\5.9.1\junit-jupiter-engine-5.9.1.jar;C:\Users\Luciano Copado\.m2\repository\org\junit\platform\junit-platform-engine\1.9.1\junit-platform-engine-1.9.1.jar;"/>
    <property name="java.vm.vendor" value="Oracle Corporation"/>
    <property name="sun.arch.data.model" value="64"/>
    <property name="user.variant" value=""/>
    <property name="java.vendor.url" value="https://java.oracle.com/"/>
    <property name="user.timezone" value="America/Buenos_Aires"/>
    <property name="os.name" value="Windows 10"/>
    <property name="java.vm.specification.version" value="21"/>
    <property name="sun.java.launcher" value="SUN_STANDARD"/>
    <property name="user.country" value="AR"/>
    <property name="sun.boot.library.path" value="C:\Program Files\Java\jdk-21\bin"/>
    <property name="sun.java.command" value="C:\Users\LUCIAN~1\AppData\Local\Temp\surefire17895191497690376767\surefirebooter10717993196075120296.jar C:\Users\Luciano Copado\AppData\Local\Temp\surefire17895191497690376767 2024-02-16T16-30-05_095-jvmRun1 surefire10212874974432138384tmp surefire_07277346257123408341tmp"/>
    <property name="jdk.debug" value="release"/>
    <property name="surefire.test.class.path" value="C:\karate\challenge-karateDSL\target\test-classes;C:\karate\challenge-karateDSL\target\classes;C:\Users\Luciano Copado\.m2\repository\com\intuit\karate\karate-junit5\1.4.0\karate-junit5-1.4.0.jar;C:\Users\Luciano Copado\.m2\repository\com\intuit\karate\karate-core\1.4.0\karate-core-1.4.0.jar;C:\Users\Luciano Copado\.m2\repository\org\graalvm\js\js-scriptengine\22.3.0\js-scriptengine-22.3.0.jar;C:\Users\Luciano Copado\.m2\repository\org\graalvm\sdk\graal-sdk\22.3.0\graal-sdk-22.3.0.jar;C:\Users\Luciano Copado\.m2\repository\org\graalvm\js\js\22.3.0\js-22.3.0.jar;C:\Users\Luciano Copado\.m2\repository\org\graalvm\regex\regex\22.3.0\regex-22.3.0.jar;C:\Users\Luciano Copado\.m2\repository\org\graalvm\truffle\truffle-api\22.3.0\truffle-api-22.3.0.jar;C:\Users\Luciano Copado\.m2\repository\com\ibm\icu\icu4j\71.1\icu4j-71.1.jar;C:\Users\Luciano Copado\.m2\repository\org\thymeleaf\thymeleaf\3.0.14.RELEASE\thymeleaf-3.0.14.RELEASE.jar;C:\Users\Luciano Copado\.m2\repository\ognl\ognl\3.1.26\ognl-3.1.26.jar;C:\Users\Luciano Copado\.m2\repository\org\javassist\javassist\3.20.0-GA\javassist-3.20.0-GA.jar;C:\Users\Luciano Copado\.m2\repository\org\attoparser\attoparser\2.0.5.RELEASE\attoparser-2.0.5.RELEASE.jar;C:\Users\Luciano Copado\.m2\repository\org\unbescape\unbescape\1.1.6.RELEASE\unbescape-1.1.6.RELEASE.jar;C:\Users\Luciano Copado\.m2\repository\org\slf4j\slf4j-api\1.7.25\slf4j-api-1.7.25.jar;C:\Users\Luciano Copado\.m2\repository\com\linecorp\armeria\armeria\1.22.0\armeria-1.22.0.jar;C:\Users\Luciano Copado\.m2\repository\com\fasterxml\jackson\core\jackson-core\2.14.2\jackson-core-2.14.2.jar;C:\Users\Luciano Copado\.m2\repository\com\fasterxml\jackson\core\jackson-annotations\2.14.2\jackson-annotations-2.14.2.jar;C:\Users\Luciano Copado\.m2\repository\com\fasterxml\jackson\core\jackson-databind\2.14.2\jackson-databind-2.14.2.jar;C:\Users\Luciano Copado\.m2\repository\com\fasterxml\jackson\datatype\jackson-datatype-jdk8\2.14.2\jackson-datatype-jdk8-2.14.2.jar;C:\Users\Luciano Copado\.m2\repository\com\fasterxml\jackson\datatype\jackson-datatype-jsr310\2.14.2\jackson-datatype-jsr310-2.14.2.jar;C:\Users\Luciano Copado\.m2\repository\io\micrometer\micrometer-core\1.10.3\micrometer-core-1.10.3.jar;C:\Users\Luciano Copado\.m2\repository\io\micrometer\micrometer-commons\1.10.3\micrometer-commons-1.10.3.jar;C:\Users\Luciano Copado\.m2\repository\io\micrometer\micrometer-observation\1.10.3\micrometer-observation-1.10.3.jar;C:\Users\Luciano Copado\.m2\repository\org\hdrhistogram\HdrHistogram\2.1.12\HdrHistogram-2.1.12.jar;C:\Users\Luciano Copado\.m2\repository\org\latencyutils\LatencyUtils\2.0.3\LatencyUtils-2.0.3.jar;C:\Users\Luciano Copado\.m2\repository\io\netty\netty-transport\4.1.87.Final\netty-transport-4.1.87.Final.jar;C:\Users\Luciano Copado\.m2\repository\io\netty\netty-common\4.1.87.Final\netty-common-4.1.87.Final.jar;C:\Users\Luciano Copado\.m2\repository\io\netty\netty-buffer\4.1.87.Final\netty-buffer-4.1.87.Final.jar;C:\Users\Luciano Copado\.m2\repository\io\netty\netty-resolver\4.1.87.Final\netty-resolver-4.1.87.Final.jar;C:\Users\Luciano Copado\.m2\repository\io\netty\netty-codec-haproxy\4.1.87.Final\netty-codec-haproxy-4.1.87.Final.jar;C:\Users\Luciano Copado\.m2\repository\io\netty\netty-codec\4.1.87.Final\netty-codec-4.1.87.Final.jar;C:\Users\Luciano Copado\.m2\repository\io\netty\netty-codec-http2\4.1.87.Final\netty-codec-http2-4.1.87.Final.jar;C:\Users\Luciano Copado\.m2\repository\io\netty\netty-handler\4.1.87.Final\netty-handler-4.1.87.Final.jar;C:\Users\Luciano Copado\.m2\repository\io\netty\netty-codec-http\4.1.87.Final\netty-codec-http-4.1.87.Final.jar;C:\Users\Luciano Copado\.m2\repository\io\netty\netty-resolver-dns\4.1.87.Final\netty-resolver-dns-4.1.87.Final.jar;C:\Users\Luciano Copado\.m2\repository\io\netty\netty-codec-dns\4.1.87.Final\netty-codec-dns-4.1.87.Final.jar;C:\Users\Luciano Copado\.m2\repository\org\reactivestreams\reactive-streams\1.0.4\reactive-streams-1.0.4.jar;C:\Users\Luciano Copado\.m2\repository\com\google\code\findbugs\jsr305\3.0.2\jsr305-3.0.2.jar;C:\Users\Luciano Copado\.m2\repository\io\netty\netty-transport-native-unix-common\4.1.87.Final\netty-transport-native-unix-common-4.1.87.Final-linux-x86_64.jar;C:\Users\Luciano Copado\.m2\repository\io\netty\netty-transport-native-epoll\4.1.87.Final\netty-transport-native-epoll-4.1.87.Final-linux-x86_64.jar;C:\Users\Luciano Copado\.m2\repository\io\netty\netty-transport-native-unix-common\4.1.87.Final\netty-transport-native-unix-common-4.1.87.Final.jar;C:\Users\Luciano Copado\.m2\repository\io\netty\netty-transport-classes-epoll\4.1.87.Final\netty-transport-classes-epoll-4.1.87.Final.jar;C:\Users\Luciano Copado\.m2\repository\io\netty\netty-resolver-dns-native-macos\4.1.87.Final\netty-resolver-dns-native-macos-4.1.87.Final-osx-x86_64.jar;C:\Users\Luciano Copado\.m2\repository\io\netty\netty-resolver-dns-classes-macos\4.1.87.Final\netty-resolver-dns-classes-macos-4.1.87.Final.jar;C:\Users\Luciano Copado\.m2\repository\io\netty\netty-resolver-dns-native-macos\4.1.87.Final\netty-resolver-dns-native-macos-4.1.87.Final-osx-aarch_64.jar;C:\Users\Luciano Copado\.m2\repository\io\netty\netty-tcnative-boringssl-static\2.0.56.Final\netty-tcnative-boringssl-static-2.0.56.Final-linux-x86_64.jar;C:\Users\Luciano Copado\.m2\repository\io\netty\netty-tcnative-classes\2.0.56.Final\netty-tcnative-classes-2.0.56.Final.jar;C:\Users\Luciano Copado\.m2\repository\io\netty\netty-tcnative-boringssl-static\2.0.56.Final\netty-tcnative-boringssl-static-2.0.56.Final-linux-aarch_64.jar;C:\Users\Luciano Copado\.m2\repository\io\netty\netty-tcnative-boringssl-static\2.0.56.Final\netty-tcnative-boringssl-static-2.0.56.Final-osx-x86_64.jar;C:\Users\Luciano Copado\.m2\repository\io\netty\netty-tcnative-boringssl-static\2.0.56.Final\netty-tcnative-boringssl-static-2.0.56.Final-osx-aarch_64.jar;C:\Users\Luciano Copado\.m2\repository\io\netty\netty-tcnative-boringssl-static\2.0.56.Final\netty-tcnative-boringssl-static-2.0.56.Final-windows-x86_64.jar;C:\Users\Luciano Copado\.m2\repository\io\netty\netty-handler-proxy\4.1.87.Final\netty-handler-proxy-4.1.87.Final.jar;C:\Users\Luciano Copado\.m2\repository\io\netty\netty-codec-socks\4.1.87.Final\netty-codec-socks-4.1.87.Final.jar;C:\Users\Luciano Copado\.m2\repository\com\aayushatharva\brotli4j\brotli4j\1.9.0\brotli4j-1.9.0.jar;C:\Users\Luciano Copado\.m2\repository\org\apache\httpcomponents\httpclient\4.5.14\httpclient-4.5.14.jar;C:\Users\Luciano Copado\.m2\repository\org\apache\httpcomponents\httpcore\4.4.16\httpcore-4.4.16.jar;C:\Users\Luciano Copado\.m2\repository\commons-codec\commons-codec\1.11\commons-codec-1.11.jar;C:\Users\Luciano Copado\.m2\repository\ch\qos\logback\logback-classic\1.2.9\logback-classic-1.2.9.jar;C:\Users\Luciano Copado\.m2\repository\ch\qos\logback\logback-core\1.2.9\logback-core-1.2.9.jar;C:\Users\Luciano Copado\.m2\repository\org\slf4j\jcl-over-slf4j\1.7.32\jcl-over-slf4j-1.7.32.jar;C:\Users\Luciano Copado\.m2\repository\org\antlr\antlr4-runtime\4.11.1\antlr4-runtime-4.11.1.jar;C:\Users\Luciano Copado\.m2\repository\com\jayway\jsonpath\json-path\2.8.0\json-path-2.8.0.jar;C:\Users\Luciano Copado\.m2\repository\net\minidev\json-smart\2.4.10\json-smart-2.4.10.jar;C:\Users\Luciano Copado\.m2\repository\net\minidev\accessors-smart\2.4.9\accessors-smart-2.4.9.jar;C:\Users\Luciano Copado\.m2\repository\org\ow2\asm\asm\9.3\asm-9.3.jar;C:\Users\Luciano Copado\.m2\repository\org\yaml\snakeyaml\2.0\snakeyaml-2.0.jar;C:\Users\Luciano Copado\.m2\repository\de\siegmar\fastcsv\2.2.1\fastcsv-2.2.1.jar;C:\Users\Luciano Copado\.m2\repository\info\picocli\picocli\4.7.1\picocli-4.7.1.jar;C:\Users\Luciano Copado\.m2\repository\io\github\classgraph\classgraph\4.8.152\classgraph-4.8.152.jar;C:\Users\Luciano Copado\.m2\repository\io\github\t12y\resemble\1.0.2\resemble-1.0.2.jar;C:\Users\Luciano Copado\.m2\repository\io\github\t12y\ssim\1.0.0\ssim-1.0.0.jar;C:\Users\Luciano Copado\.m2\repository\org\junit\jupiter\junit-jupiter-api\5.9.1\junit-jupiter-api-5.9.1.jar;C:\Users\Luciano Copado\.m2\repository\org\opentest4j\opentest4j\1.2.0\opentest4j-1.2.0.jar;C:\Users\Luciano Copado\.m2\repository\org\junit\platform\junit-platform-commons\1.9.1\junit-platform-commons-1.9.1.jar;C:\Users\Luciano Copado\.m2\repository\org\apiguardian\apiguardian-api\1.1.2\apiguardian-api-1.1.2.jar;C:\Users\Luciano Copado\.m2\repository\org\junit\jupiter\junit-jupiter-engine\5.9.1\junit-jupiter-engine-5.9.1.jar;C:\Users\Luciano Copado\.m2\repository\org\junit\platform\junit-platform-engine\1.9.1\junit-platform-engine-1.9.1.jar;"/>
    <property name="sun.cpu.endian" value="little"/>
    <property name="user.home" value="C:\Users\Luciano Copado"/>
    <property name="user.language" value="es"/>
    <property name="java.specification.vendor" value="Oracle Corporation"/>
    <property name="java.version.date" value="2024-01-16"/>
    <property name="java.home" value="C:\Program Files\Java\jdk-21"/>
    <property name="file.separator" value="\"/>
    <property name="basedir" value="C:\karate\challenge-karateDSL"/>
    <property name="java.vm.compressedOopsMode" value="Zero based"/>
    <property name="line.separator" value="&#10;"/>
    <property name="java.vm.specification.vendor" value="Oracle Corporation"/>
    <property name="java.specification.name" value="Java Platform API Specification"/>
    <property name="karate.options" value="--tags @debug"/>
    <property name="surefire.real.class.path" value="C:\Users\LUCIAN~1\AppData\Local\Temp\surefire17895191497690376767\surefirebooter10717993196075120296.jar"/>
    <property name="user.script" value=""/>
    <property name="sun.management.compiler" value="HotSpot 64-Bit Tiered Compilers"/>
    <property name="java.runtime.version" value="21.0.2+13-LTS-58"/>
    <property name="user.name" value="Luciano Copado"/>
    <property name="stdout.encoding" value="Cp1252"/>
    <property name="path.separator" value=";"/>
    <property name="os.version" value="10.0"/>
    <property name="java.runtime.name" value="Java(TM) SE Runtime Environment"/>
    <property name="file.encoding" value="UTF-8"/>
    <property name="java.vm.name" value="Java HotSpot(TM) 64-Bit Server VM"/>
    <property name="localRepository" value="C:\Users\Luciano Copado\.m2\repository"/>
    <property name="java.vendor.url.bug" value="https://bugreport.java.com/bugreport/"/>
    <property name="java.io.tmpdir" value="C:\Users\LUCIAN~1\AppData\Local\Temp\"/>
    <property name="java.version" value="21.0.2"/>
    <property name="user.dir" value="C:\karate\challenge-karateDSL"/>
    <property name="os.arch" value="amd64"/>
    <property name="java.vm.specification.name" value="Java Virtual Machine Specification"/>
    <property name="sun.os.patch.level" value=""/>
    <property name="native.encoding" value="Cp1252"/>
    <property name="java.library.path" value="C:\Program Files\Java\jdk-21\bin;C:\WINDOWS\Sun\Java\bin;C:\WINDOWS\system32;C:\WINDOWS;C:\Program Files\Common Files\Oracle\Java\javapath;C:\WINDOWS\system32;C:\WINDOWS;C:\WINDOWS\System32\Wbem;C:\WINDOWS\System32\WindowsPowerShell\v1.0\;C:\WINDOWS\System32\OpenSSH\;C:\Program Files\nodejs\;C:\Program Files\Git\cmd;C:\Program Files\Docker\Docker\resources\bin;C:\Python310\Scripts;C:\Python310;C:\apache-maven-3.9.4\bin;C:\Users\Luciano Copado\AppData\Local\Programs\Python\Launcher\;C:\Users\Luciano Copado\AppData\Local\Microsoft\WindowsApps;C:\Users\Luciano Copado\AppData\Roaming\npm;C:\Users\Luciano Copado\AppData\Local\Programs\Microsoft VS Code\bin;C:\Archivos de programa\nodejs\;;."/>
    <property name="java.vm.info" value="mixed mode, sharing"/>
    <property name="stderr.encoding" value="Cp1252"/>
    <property name="java.vendor" value="Oracle Corporation"/>
    <property name="java.vm.version" value="21.0.2+13-LTS-58"/>
    <property name="sun.io.unicode.encoding" value="UnicodeLittle"/>
    <property name="java.class.version" value="65.0"/>
  </properties>
  <testcase name="testAll[1][1]" classname="conduitApp.ConduitTest" time="4.336">
    <failure message="&gt;&gt; classpath:conduitApp/feature/Articles.feature:25&#10;&gt;&gt; karate-config.js failed&#10;&gt;&gt; TypeError: invokeMember (configurer) on com.intuit.karate.core.ScenarioBridge failed due to: Unknown identifier: configurer&#10;js failed:&#10;&gt;&gt;&gt;&gt;&#10;01: function fn() {&#10;02:   var env = karate.env; // get system property &apos;karate.env&apos;&#10;03:   karate.log(&apos;karate.env system property was:&apos;, env);&#10;04:   if (!env) {&#10;05:     env = &apos;dev&apos;;&#10;06:   }&#10;07:   var config = {&#10;08: &#10;09:     apiUrl: &apos;https://conduit-api.bondaracademy.com/api&apos;&#10;10:   }&#10;11:   if (env == &apos;dev&apos;) {&#10;12:     config.userEmail = &apos;lucho@test.com&apos;&#10;13:     config.userPassword = &apos;KarateLucho&apos;&#10;14: &#10;15:   } else if (env == &apos;qa&apos;) {&#10;16: &#10;17:     config.userEmail = &apos;lucho2@test.com&apos;&#10;18:     config.userPassword = &apos;KarateLucho2&apos;&#10;19:   }&#10;20: &#10;21:   var accessToken = karate.callSingle(&apos;classpath:helpers/CreateToken.feature&apos;, config).authToken&#10;22:   karate.configurer(&apos;headers&apos;, {Authorization: &apos;Token &apos;+ accessToken})&#10;23:   return config;&#10;24: }&#10;&lt;&lt;&lt;&lt;&#10;org.graalvm.polyglot.PolyglotException: TypeError: invokeMember (configurer) on com.intuit.karate.core.ScenarioBridge failed due to: Unknown identifier: configurer&#10;- &lt;js&gt;.fn(Unnamed:22)&#10;&#10;classpath:conduitApp/feature/Articles.feature:4&#10;classpath:conduitApp/feature/Articles.feature:13&#10;classpath:conduitApp/feature/Articles.feature:14&#10;classpath:conduitApp/feature/Articles.feature:26&#10;classpath:conduitApp/feature/Articles.feature:27&#10;classpath:conduitApp/feature/Articles.feature:28&#10;classpath:conduitApp/feature/Articles.feature:29&#10;classpath:conduitApp/feature/Articles.feature:30&#10;classpath:conduitApp/feature/Articles.feature:33&#10;classpath:conduitApp/feature/Articles.feature:34&#10;classpath:conduitApp/feature/Articles.feature:35&#10;classpath:conduitApp/feature/Articles.feature:36&#10;classpath:conduitApp/feature/Articles.feature:37&#10;classpath:conduitApp/feature/Articles.feature:39&#10;classpath:conduitApp/feature/Articles.feature:40&#10;classpath:conduitApp/feature/Articles.feature:41&#10;classpath:conduitApp/feature/Articles.feature:42&#10;classpath:conduitApp/feature/Articles.feature:46&#10;classpath:conduitApp/feature/Articles.feature:47&#10;classpath:conduitApp/feature/Articles.feature:48&#10;classpath:conduitApp/feature/Articles.feature:50&#10;classpath:conduitApp/feature/Articles.feature:51&#10;classpath:conduitApp/feature/Articles.feature:52&#10;classpath:conduitApp/feature/Articles.feature:53&#10;classpath:conduitApp/feature/Articles.feature:54" type="org.opentest4j.AssertionFailedError"><![CDATA[org.opentest4j.AssertionFailedError: 
>> classpath:conduitApp/feature/Articles.feature:25
>> karate-config.js failed
>> TypeError: invokeMember (configurer) on com.intuit.karate.core.ScenarioBridge failed due to: Unknown identifier: configurer
js failed:
>>>>
01: function fn() {
02:   var env = karate.env; // get system property 'karate.env'
03:   karate.log('karate.env system property was:', env);
04:   if (!env) {
05:     env = 'dev';
06:   }
07:   var config = {
08: 
09:     apiUrl: 'https://conduit-api.bondaracademy.com/api'
10:   }
11:   if (env == 'dev') {
12:     config.userEmail = 'lucho@test.com'
13:     config.userPassword = 'KarateLucho'
14: 
15:   } else if (env == 'qa') {
16: 
17:     config.userEmail = 'lucho2@test.com'
18:     config.userPassword = 'KarateLucho2'
19:   }
20: 
21:   var accessToken = karate.callSingle('classpath:helpers/CreateToken.feature', config).authToken
22:   karate.configurer('headers', {Authorization: 'Token '+ accessToken})
23:   return config;
24: }
<<<<
org.graalvm.polyglot.PolyglotException: TypeError: invokeMember (configurer) on com.intuit.karate.core.ScenarioBridge failed due to: Unknown identifier: configurer
- <js>.fn(Unnamed:22)

classpath:conduitApp/feature/Articles.feature:4
classpath:conduitApp/feature/Articles.feature:13
classpath:conduitApp/feature/Articles.feature:14
classpath:conduitApp/feature/Articles.feature:26
classpath:conduitApp/feature/Articles.feature:27
classpath:conduitApp/feature/Articles.feature:28
classpath:conduitApp/feature/Articles.feature:29
classpath:conduitApp/feature/Articles.feature:30
classpath:conduitApp/feature/Articles.feature:33
classpath:conduitApp/feature/Articles.feature:34
classpath:conduitApp/feature/Articles.feature:35
classpath:conduitApp/feature/Articles.feature:36
classpath:conduitApp/feature/Articles.feature:37
classpath:conduitApp/feature/Articles.feature:39
classpath:conduitApp/feature/Articles.feature:40
classpath:conduitApp/feature/Articles.feature:41
classpath:conduitApp/feature/Articles.feature:42
classpath:conduitApp/feature/Articles.feature:46
classpath:conduitApp/feature/Articles.feature:47
classpath:conduitApp/feature/Articles.feature:48
classpath:conduitApp/feature/Articles.feature:50
classpath:conduitApp/feature/Articles.feature:51
classpath:conduitApp/feature/Articles.feature:52
classpath:conduitApp/feature/Articles.feature:53
classpath:conduitApp/feature/Articles.feature:54
]]></failure>
    <system-out><![CDATA[16:30:09.161 [main] INFO  com.intuit.karate.Runner - using system property 'karate.options': --tags @debug
16:30:10.281 [main] DEBUG com.intuit.karate.Suite - [config] classpath:karate-config.js
16:30:12.666 [main] INFO  com.intuit.karate - karate.env system property was: null 
16:30:12.682 [main] INFO  com.intuit.karate - >> lock acquired, begin callSingle: classpath:helpers/CreateToken.feature
16:30:13.601 [main] DEBUG com.intuit.karate - request:
1 > POST https://conduit-api.bondaracademy.com/api/users/login
1 > Content-Type: application/json; charset=UTF-8
1 > Content-Length: 60
1 > Host: conduit-api.bondaracademy.com
1 > Connection: Keep-Alive
1 > User-Agent: Apache-HttpClient/4.5.14 (Java/21.0.2)
1 > Accept-Encoding: gzip,deflate
{"user":{"email":"lucho@test.com","password":"KarateLucho"}}

16:30:14.812 [main] DEBUG com.intuit.karate - response time in milliseconds: 1204
1 < 200
1 < x-powered-by: Express
1 < access-control-allow-origin: https://conduit.bondaracademy.com
1 < vary: Origin
1 < content-type: application/json; charset=utf-8
1 < etag: W/"126-faOwplSd4myNFW9zl9et3+oKtTM"
1 < X-Cloud-Trace-Context: 16618eb4f427c7e8ab163346dec1aaec;o=1
1 < Date: Fri, 16 Feb 2024 19:30:14 GMT
1 < Server: Google Frontend
1 < Content-Length: 294
{"user":{"email":"lucho@test.com","username":"KarateLucho","bio":null,"image":"https://api.realworld.io/images/smiley-cyrus.jpeg","token":"eyJhbGciOiJIUzI1NiIsInR5cCI6IkpXVCJ9.eyJ1c2VyIjp7ImlkIjozNDN9LCJpYXQiOjE3MDgxMTE4MTQsImV4cCI6MTcxMzI5NTgxNH0.-xISOm9773HTBj4dgblN_YNtgfEX3HomopIWN2GzUw4"}}

16:30:14.839 [main] INFO  com.intuit.karate - << lock released, cached callSingle: classpath:helpers/CreateToken.feature
16:30:14.903 [main] ERROR com.intuit.karate - classpath:conduitApp/feature/Articles.feature:4
Given url apiUrl
>> classpath:conduitApp/feature/Articles.feature:25
>> karate-config.js failed
>> TypeError: invokeMember (configurer) on com.intuit.karate.core.ScenarioBridge failed due to: Unknown identifier: configurer
js failed:
>>>>
01: function fn() {
02:   var env = karate.env; // get system property 'karate.env'
03:   karate.log('karate.env system property was:', env);
04:   if (!env) {
05:     env = 'dev';
06:   }
07:   var config = {
08: 
09:     apiUrl: 'https://conduit-api.bondaracademy.com/api'
10:   }
11:   if (env == 'dev') {
12:     config.userEmail = 'lucho@test.com'
13:     config.userPassword = 'KarateLucho'
14: 
15:   } else if (env == 'qa') {
16: 
17:     config.userEmail = 'lucho2@test.com'
18:     config.userPassword = 'KarateLucho2'
19:   }
20: 
21:   var accessToken = karate.callSingle('classpath:helpers/CreateToken.feature', config).authToken
22:   karate.configurer('headers', {Authorization: 'Token '+ accessToken})
23:   return config;
24: }
<<<<
org.graalvm.polyglot.PolyglotException: TypeError: invokeMember (configurer) on com.intuit.karate.core.ScenarioBridge failed due to: Unknown identifier: configurer
- <js>.fn(Unnamed:22)

classpath:conduitApp/feature/Articles.feature:4
16:30:14.904 [main] ERROR com.intuit.karate - classpath:conduitApp/feature/Articles.feature:13
* def tokenResponse = callonce read('classpath:helpers/CreateToken.feature')
>> classpath:conduitApp/feature/Articles.feature:25
>> karate-config.js failed
>> TypeError: invokeMember (configurer) on com.intuit.karate.core.ScenarioBridge failed due to: Unknown identifier: configurer
js failed:
>>>>
01: function fn() {
02:   var env = karate.env; // get system property 'karate.env'
03:   karate.log('karate.env system property was:', env);
04:   if (!env) {
05:     env = 'dev';
06:   }
07:   var config = {
08: 
09:     apiUrl: 'https://conduit-api.bondaracademy.com/api'
10:   }
11:   if (env == 'dev') {
12:     config.userEmail = 'lucho@test.com'
13:     config.userPassword = 'KarateLucho'
14: 
15:   } else if (env == 'qa') {
16: 
17:     config.userEmail = 'lucho2@test.com'
18:     config.userPassword = 'KarateLucho2'
19:   }
20: 
21:   var accessToken = karate.callSingle('classpath:helpers/CreateToken.feature', config).authToken
22:   karate.configurer('headers', {Authorization: 'Token '+ accessToken})
23:   return config;
24: }
<<<<
org.graalvm.polyglot.PolyglotException: TypeError: invokeMember (configurer) on com.intuit.karate.core.ScenarioBridge failed due to: Unknown identifier: configurer
- <js>.fn(Unnamed:22)

classpath:conduitApp/feature/Articles.feature:4
classpath:conduitApp/feature/Articles.feature:13
16:30:14.904 [main] ERROR com.intuit.karate - classpath:conduitApp/feature/Articles.feature:14
* def token = tokenResponse.authToken
>> classpath:conduitApp/feature/Articles.feature:25
>> karate-config.js failed
>> TypeError: invokeMember (configurer) on com.intuit.karate.core.ScenarioBridge failed due to: Unknown identifier: configurer
js failed:
>>>>
01: function fn() {
02:   var env = karate.env; // get system property 'karate.env'
03:   karate.log('karate.env system property was:', env);
04:   if (!env) {
05:     env = 'dev';
06:   }
07:   var config = {
08: 
09:     apiUrl: 'https://conduit-api.bondaracademy.com/api'
10:   }
11:   if (env == 'dev') {
12:     config.userEmail = 'lucho@test.com'
13:     config.userPassword = 'KarateLucho'
14: 
15:   } else if (env == 'qa') {
16: 
17:     config.userEmail = 'lucho2@test.com'
18:     config.userPassword = 'KarateLucho2'
19:   }
20: 
21:   var accessToken = karate.callSingle('classpath:helpers/CreateToken.feature', config).authToken
22:   karate.configurer('headers', {Authorization: 'Token '+ accessToken})
23:   return config;
24: }
<<<<
org.graalvm.polyglot.PolyglotException: TypeError: invokeMember (configurer) on com.intuit.karate.core.ScenarioBridge failed due to: Unknown identifier: configurer
- <js>.fn(Unnamed:22)

classpath:conduitApp/feature/Articles.feature:4
classpath:conduitApp/feature/Articles.feature:13
classpath:conduitApp/feature/Articles.feature:14
16:30:14.905 [main] ERROR com.intuit.karate - classpath:conduitApp/feature/Articles.feature:26
Given path "users/login"
>> classpath:conduitApp/feature/Articles.feature:25
>> karate-config.js failed
>> TypeError: invokeMember (configurer) on com.intuit.karate.core.ScenarioBridge failed due to: Unknown identifier: configurer
js failed:
>>>>
01: function fn() {
02:   var env = karate.env; // get system property 'karate.env'
03:   karate.log('karate.env system property was:', env);
04:   if (!env) {
05:     env = 'dev';
06:   }
07:   var config = {
08: 
09:     apiUrl: 'https://conduit-api.bondaracademy.com/api'
10:   }
11:   if (env == 'dev') {
12:     config.userEmail = 'lucho@test.com'
13:     config.userPassword = 'KarateLucho'
14: 
15:   } else if (env == 'qa') {
16: 
17:     config.userEmail = 'lucho2@test.com'
18:     config.userPassword = 'KarateLucho2'
19:   }
20: 
21:   var accessToken = karate.callSingle('classpath:helpers/CreateToken.feature', config).authToken
22:   karate.configurer('headers', {Authorization: 'Token '+ accessToken})
23:   return config;
24: }
<<<<
org.graalvm.polyglot.PolyglotException: TypeError: invokeMember (configurer) on com.intuit.karate.core.ScenarioBridge failed due to: Unknown identifier: configurer
- <js>.fn(Unnamed:22)

classpath:conduitApp/feature/Articles.feature:4
classpath:conduitApp/feature/Articles.feature:13
classpath:conduitApp/feature/Articles.feature:14
classpath:conduitApp/feature/Articles.feature:26
16:30:14.905 [main] ERROR com.intuit.karate - classpath:conduitApp/feature/Articles.feature:27
And request {"user": {"email": "lucho@test.com", "password": "KarateLucho"}}
>> classpath:conduitApp/feature/Articles.feature:25
>> karate-config.js failed
>> TypeError: invokeMember (configurer) on com.intuit.karate.core.ScenarioBridge failed due to: Unknown identifier: configurer
js failed:
>>>>
01: function fn() {
02:   var env = karate.env; // get system property 'karate.env'
03:   karate.log('karate.env system property was:', env);
04:   if (!env) {
05:     env = 'dev';
06:   }
07:   var config = {
08: 
09:     apiUrl: 'https://conduit-api.bondaracademy.com/api'
10:   }
11:   if (env == 'dev') {
12:     config.userEmail = 'lucho@test.com'
13:     config.userPassword = 'KarateLucho'
14: 
15:   } else if (env == 'qa') {
16: 
17:     config.userEmail = 'lucho2@test.com'
18:     config.userPassword = 'KarateLucho2'
19:   }
20: 
21:   var accessToken = karate.callSingle('classpath:helpers/CreateToken.feature', config).authToken
22:   karate.configurer('headers', {Authorization: 'Token '+ accessToken})
23:   return config;
24: }
<<<<
org.graalvm.polyglot.PolyglotException: TypeError: invokeMember (configurer) on com.intuit.karate.core.ScenarioBridge failed due to: Unknown identifier: configurer
- <js>.fn(Unnamed:22)

classpath:conduitApp/feature/Articles.feature:4
classpath:conduitApp/feature/Articles.feature:13
classpath:conduitApp/feature/Articles.feature:14
classpath:conduitApp/feature/Articles.feature:26
classpath:conduitApp/feature/Articles.feature:27
16:30:14.906 [main] ERROR com.intuit.karate - classpath:conduitApp/feature/Articles.feature:28
When method Post
>> classpath:conduitApp/feature/Articles.feature:25
>> karate-config.js failed
>> TypeError: invokeMember (configurer) on com.intuit.karate.core.ScenarioBridge failed due to: Unknown identifier: configurer
js failed:
>>>>
01: function fn() {
02:   var env = karate.env; // get system property 'karate.env'
03:   karate.log('karate.env system property was:', env);
04:   if (!env) {
05:     env = 'dev';
06:   }
07:   var config = {
08: 
09:     apiUrl: 'https://conduit-api.bondaracademy.com/api'
10:   }
11:   if (env == 'dev') {
12:     config.userEmail = 'lucho@test.com'
13:     config.userPassword = 'KarateLucho'
14: 
15:   } else if (env == 'qa') {
16: 
17:     config.userEmail = 'lucho2@test.com'
18:     config.userPassword = 'KarateLucho2'
19:   }
20: 
21:   var accessToken = karate.callSingle('classpath:helpers/CreateToken.feature', config).authToken
22:   karate.configurer('headers', {Authorization: 'Token '+ accessToken})
23:   return config;
24: }
<<<<
org.graalvm.polyglot.PolyglotException: TypeError: invokeMember (configurer) on com.intuit.karate.core.ScenarioBridge failed due to: Unknown identifier: configurer
- <js>.fn(Unnamed:22)

classpath:conduitApp/feature/Articles.feature:4
classpath:conduitApp/feature/Articles.feature:13
classpath:conduitApp/feature/Articles.feature:14
classpath:conduitApp/feature/Articles.feature:26
classpath:conduitApp/feature/Articles.feature:27
classpath:conduitApp/feature/Articles.feature:28
16:30:14.908 [main] ERROR com.intuit.karate - classpath:conduitApp/feature/Articles.feature:29
Then status 200
>> classpath:conduitApp/feature/Articles.feature:25
>> karate-config.js failed
>> TypeError: invokeMember (configurer) on com.intuit.karate.core.ScenarioBridge failed due to: Unknown identifier: configurer
js failed:
>>>>
01: function fn() {
02:   var env = karate.env; // get system property 'karate.env'
03:   karate.log('karate.env system property was:', env);
04:   if (!env) {
05:     env = 'dev';
06:   }
07:   var config = {
08: 
09:     apiUrl: 'https://conduit-api.bondaracademy.com/api'
10:   }
11:   if (env == 'dev') {
12:     config.userEmail = 'lucho@test.com'
13:     config.userPassword = 'KarateLucho'
14: 
15:   } else if (env == 'qa') {
16: 
17:     config.userEmail = 'lucho2@test.com'
18:     config.userPassword = 'KarateLucho2'
19:   }
20: 
21:   var accessToken = karate.callSingle('classpath:helpers/CreateToken.feature', config).authToken
22:   karate.configurer('headers', {Authorization: 'Token '+ accessToken})
23:   return config;
24: }
<<<<
org.graalvm.polyglot.PolyglotException: TypeError: invokeMember (configurer) on com.intuit.karate.core.ScenarioBridge failed due to: Unknown identifier: configurer
- <js>.fn(Unnamed:22)

classpath:conduitApp/feature/Articles.feature:4
classpath:conduitApp/feature/Articles.feature:13
classpath:conduitApp/feature/Articles.feature:14
classpath:conduitApp/feature/Articles.feature:26
classpath:conduitApp/feature/Articles.feature:27
classpath:conduitApp/feature/Articles.feature:28
classpath:conduitApp/feature/Articles.feature:29
16:30:14.915 [main] ERROR com.intuit.karate - classpath:conduitApp/feature/Articles.feature:30
* def token = response.user.token
>> classpath:conduitApp/feature/Articles.feature:25
>> karate-config.js failed
>> TypeError: invokeMember (configurer) on com.intuit.karate.core.ScenarioBridge failed due to: Unknown identifier: configurer
js failed:
>>>>
01: function fn() {
02:   var env = karate.env; // get system property 'karate.env'
03:   karate.log('karate.env system property was:', env);
04:   if (!env) {
05:     env = 'dev';
06:   }
07:   var config = {
08: 
09:     apiUrl: 'https://conduit-api.bondaracademy.com/api'
10:   }
11:   if (env == 'dev') {
12:     config.userEmail = 'lucho@test.com'
13:     config.userPassword = 'KarateLucho'
14: 
15:   } else if (env == 'qa') {
16: 
17:     config.userEmail = 'lucho2@test.com'
18:     config.userPassword = 'KarateLucho2'
19:   }
20: 
21:   var accessToken = karate.callSingle('classpath:helpers/CreateToken.feature', config).authToken
22:   karate.configurer('headers', {Authorization: 'Token '+ accessToken})
23:   return config;
24: }
<<<<
org.graalvm.polyglot.PolyglotException: TypeError: invokeMember (configurer) on com.intuit.karate.core.ScenarioBridge failed due to: Unknown identifier: configurer
- <js>.fn(Unnamed:22)

classpath:conduitApp/feature/Articles.feature:4
classpath:conduitApp/feature/Articles.feature:13
classpath:conduitApp/feature/Articles.feature:14
classpath:conduitApp/feature/Articles.feature:26
classpath:conduitApp/feature/Articles.feature:27
classpath:conduitApp/feature/Articles.feature:28
classpath:conduitApp/feature/Articles.feature:29
classpath:conduitApp/feature/Articles.feature:30
16:30:14.918 [main] ERROR com.intuit.karate - classpath:conduitApp/feature/Articles.feature:33
Given path 'articles'
>> classpath:conduitApp/feature/Articles.feature:25
>> karate-config.js failed
>> TypeError: invokeMember (configurer) on com.intuit.karate.core.ScenarioBridge failed due to: Unknown identifier: configurer
js failed:
>>>>
01: function fn() {
02:   var env = karate.env; // get system property 'karate.env'
03:   karate.log('karate.env system property was:', env);
04:   if (!env) {
05:     env = 'dev';
06:   }
07:   var config = {
08: 
09:     apiUrl: 'https://conduit-api.bondaracademy.com/api'
10:   }
11:   if (env == 'dev') {
12:     config.userEmail = 'lucho@test.com'
13:     config.userPassword = 'KarateLucho'
14: 
15:   } else if (env == 'qa') {
16: 
17:     config.userEmail = 'lucho2@test.com'
18:     config.userPassword = 'KarateLucho2'
19:   }
20: 
21:   var accessToken = karate.callSingle('classpath:helpers/CreateToken.feature', config).authToken
22:   karate.configurer('headers', {Authorization: 'Token '+ accessToken})
23:   return config;
24: }
<<<<
org.graalvm.polyglot.PolyglotException: TypeError: invokeMember (configurer) on com.intuit.karate.core.ScenarioBridge failed due to: Unknown identifier: configurer
- <js>.fn(Unnamed:22)

classpath:conduitApp/feature/Articles.feature:4
classpath:conduitApp/feature/Articles.feature:13
classpath:conduitApp/feature/Articles.feature:14
classpath:conduitApp/feature/Articles.feature:26
classpath:conduitApp/feature/Articles.feature:27
classpath:conduitApp/feature/Articles.feature:28
classpath:conduitApp/feature/Articles.feature:29
classpath:conduitApp/feature/Articles.feature:30
classpath:conduitApp/feature/Articles.feature:33
16:30:14.933 [main] ERROR com.intuit.karate - classpath:conduitApp/feature/Articles.feature:34
And request {"article":{"title": "Delete Article", "description": "bla bla", "body": "2", "tagList": []}}
>> classpath:conduitApp/feature/Articles.feature:25
>> karate-config.js failed
>> TypeError: invokeMember (configurer) on com.intuit.karate.core.ScenarioBridge failed due to: Unknown identifier: configurer
js failed:
>>>>
01: function fn() {
02:   var env = karate.env; // get system property 'karate.env'
03:   karate.log('karate.env system property was:', env);
04:   if (!env) {
05:     env = 'dev';
06:   }
07:   var config = {
08: 
09:     apiUrl: 'https://conduit-api.bondaracademy.com/api'
10:   }
11:   if (env == 'dev') {
12:     config.userEmail = 'lucho@test.com'
13:     config.userPassword = 'KarateLucho'
14: 
15:   } else if (env == 'qa') {
16: 
17:     config.userEmail = 'lucho2@test.com'
18:     config.userPassword = 'KarateLucho2'
19:   }
20: 
21:   var accessToken = karate.callSingle('classpath:helpers/CreateToken.feature', config).authToken
22:   karate.configurer('headers', {Authorization: 'Token '+ accessToken})
23:   return config;
24: }
<<<<
org.graalvm.polyglot.PolyglotException: TypeError: invokeMember (configurer) on com.intuit.karate.core.ScenarioBridge failed due to: Unknown identifier: configurer
- <js>.fn(Unnamed:22)

classpath:conduitApp/feature/Articles.feature:4
classpath:conduitApp/feature/Articles.feature:13
classpath:conduitApp/feature/Articles.feature:14
classpath:conduitApp/feature/Articles.feature:26
classpath:conduitApp/feature/Articles.feature:27
classpath:conduitApp/feature/Articles.feature:28
classpath:conduitApp/feature/Articles.feature:29
classpath:conduitApp/feature/Articles.feature:30
classpath:conduitApp/feature/Articles.feature:33
classpath:conduitApp/feature/Articles.feature:34
16:30:14.935 [main] ERROR com.intuit.karate - classpath:conduitApp/feature/Articles.feature:35
When method Post
>> classpath:conduitApp/feature/Articles.feature:25
>> karate-config.js failed
>> TypeError: invokeMember (configurer) on com.intuit.karate.core.ScenarioBridge failed due to: Unknown identifier: configurer
js failed:
>>>>
01: function fn() {
02:   var env = karate.env; // get system property 'karate.env'
03:   karate.log('karate.env system property was:', env);
04:   if (!env) {
05:     env = 'dev';
06:   }
07:   var config = {
08: 
09:     apiUrl: 'https://conduit-api.bondaracademy.com/api'
10:   }
11:   if (env == 'dev') {
12:     config.userEmail = 'lucho@test.com'
13:     config.userPassword = 'KarateLucho'
14: 
15:   } else if (env == 'qa') {
16: 
17:     config.userEmail = 'lucho2@test.com'
18:     config.userPassword = 'KarateLucho2'
19:   }
20: 
21:   var accessToken = karate.callSingle('classpath:helpers/CreateToken.feature', config).authToken
22:   karate.configurer('headers', {Authorization: 'Token '+ accessToken})
23:   return config;
24: }
<<<<
org.graalvm.polyglot.PolyglotException: TypeError: invokeMember (configurer) on com.intuit.karate.core.ScenarioBridge failed due to: Unknown identifier: configurer
- <js>.fn(Unnamed:22)

classpath:conduitApp/feature/Articles.feature:4
classpath:conduitApp/feature/Articles.feature:13
classpath:conduitApp/feature/Articles.feature:14
classpath:conduitApp/feature/Articles.feature:26
classpath:conduitApp/feature/Articles.feature:27
classpath:conduitApp/feature/Articles.feature:28
classpath:conduitApp/feature/Articles.feature:29
classpath:conduitApp/feature/Articles.feature:30
classpath:conduitApp/feature/Articles.feature:33
classpath:conduitApp/feature/Articles.feature:34
classpath:conduitApp/feature/Articles.feature:35
16:30:14.937 [main] ERROR com.intuit.karate - classpath:conduitApp/feature/Articles.feature:36
Then status 201
>> classpath:conduitApp/feature/Articles.feature:25
>> karate-config.js failed
>> TypeError: invokeMember (configurer) on com.intuit.karate.core.ScenarioBridge failed due to: Unknown identifier: configurer
js failed:
>>>>
01: function fn() {
02:   var env = karate.env; // get system property 'karate.env'
03:   karate.log('karate.env system property was:', env);
04:   if (!env) {
05:     env = 'dev';
06:   }
07:   var config = {
08: 
09:     apiUrl: 'https://conduit-api.bondaracademy.com/api'
10:   }
11:   if (env == 'dev') {
12:     config.userEmail = 'lucho@test.com'
13:     config.userPassword = 'KarateLucho'
14: 
15:   } else if (env == 'qa') {
16: 
17:     config.userEmail = 'lucho2@test.com'
18:     config.userPassword = 'KarateLucho2'
19:   }
20: 
21:   var accessToken = karate.callSingle('classpath:helpers/CreateToken.feature', config).authToken
22:   karate.configurer('headers', {Authorization: 'Token '+ accessToken})
23:   return config;
24: }
<<<<
org.graalvm.polyglot.PolyglotException: TypeError: invokeMember (configurer) on com.intuit.karate.core.ScenarioBridge failed due to: Unknown identifier: configurer
- <js>.fn(Unnamed:22)

classpath:conduitApp/feature/Articles.feature:4
classpath:conduitApp/feature/Articles.feature:13
classpath:conduitApp/feature/Articles.feature:14
classpath:conduitApp/feature/Articles.feature:26
classpath:conduitApp/feature/Articles.feature:27
classpath:conduitApp/feature/Articles.feature:28
classpath:conduitApp/feature/Articles.feature:29
classpath:conduitApp/feature/Articles.feature:30
classpath:conduitApp/feature/Articles.feature:33
classpath:conduitApp/feature/Articles.feature:34
classpath:conduitApp/feature/Articles.feature:35
classpath:conduitApp/feature/Articles.feature:36
16:30:14.940 [main] ERROR com.intuit.karate - classpath:conduitApp/feature/Articles.feature:37
* def articleId = response.article.slug
>> classpath:conduitApp/feature/Articles.feature:25
>> karate-config.js failed
>> TypeError: invokeMember (configurer) on com.intuit.karate.core.ScenarioBridge failed due to: Unknown identifier: configurer
js failed:
>>>>
01: function fn() {
02:   var env = karate.env; // get system property 'karate.env'
03:   karate.log('karate.env system property was:', env);
04:   if (!env) {
05:     env = 'dev';
06:   }
07:   var config = {
08: 
09:     apiUrl: 'https://conduit-api.bondaracademy.com/api'
10:   }
11:   if (env == 'dev') {
12:     config.userEmail = 'lucho@test.com'
13:     config.userPassword = 'KarateLucho'
14: 
15:   } else if (env == 'qa') {
16: 
17:     config.userEmail = 'lucho2@test.com'
18:     config.userPassword = 'KarateLucho2'
19:   }
20: 
21:   var accessToken = karate.callSingle('classpath:helpers/CreateToken.feature', config).authToken
22:   karate.configurer('headers', {Authorization: 'Token '+ accessToken})
23:   return config;
24: }
<<<<
org.graalvm.polyglot.PolyglotException: TypeError: invokeMember (configurer) on com.intuit.karate.core.ScenarioBridge failed due to: Unknown identifier: configurer
- <js>.fn(Unnamed:22)

classpath:conduitApp/feature/Articles.feature:4
classpath:conduitApp/feature/Articles.feature:13
classpath:conduitApp/feature/Articles.feature:14
classpath:conduitApp/feature/Articles.feature:26
classpath:conduitApp/feature/Articles.feature:27
classpath:conduitApp/feature/Articles.feature:28
classpath:conduitApp/feature/Articles.feature:29
classpath:conduitApp/feature/Articles.feature:30
classpath:conduitApp/feature/Articles.feature:33
classpath:conduitApp/feature/Articles.feature:34
classpath:conduitApp/feature/Articles.feature:35
classpath:conduitApp/feature/Articles.feature:36
classpath:conduitApp/feature/Articles.feature:37
16:30:14.941 [main] ERROR com.intuit.karate - classpath:conduitApp/feature/Articles.feature:39
Given params {limit: 10, offset: 0}
>> classpath:conduitApp/feature/Articles.feature:25
>> karate-config.js failed
>> TypeError: invokeMember (configurer) on com.intuit.karate.core.ScenarioBridge failed due to: Unknown identifier: configurer
js failed:
>>>>
01: function fn() {
02:   var env = karate.env; // get system property 'karate.env'
03:   karate.log('karate.env system property was:', env);
04:   if (!env) {
05:     env = 'dev';
06:   }
07:   var config = {
08: 
09:     apiUrl: 'https://conduit-api.bondaracademy.com/api'
10:   }
11:   if (env == 'dev') {
12:     config.userEmail = 'lucho@test.com'
13:     config.userPassword = 'KarateLucho'
14: 
15:   } else if (env == 'qa') {
16: 
17:     config.userEmail = 'lucho2@test.com'
18:     config.userPassword = 'KarateLucho2'
19:   }
20: 
21:   var accessToken = karate.callSingle('classpath:helpers/CreateToken.feature', config).authToken
22:   karate.configurer('headers', {Authorization: 'Token '+ accessToken})
23:   return config;
24: }
<<<<
org.graalvm.polyglot.PolyglotException: TypeError: invokeMember (configurer) on com.intuit.karate.core.ScenarioBridge failed due to: Unknown identifier: configurer
- <js>.fn(Unnamed:22)

classpath:conduitApp/feature/Articles.feature:4
classpath:conduitApp/feature/Articles.feature:13
classpath:conduitApp/feature/Articles.feature:14
classpath:conduitApp/feature/Articles.feature:26
classpath:conduitApp/feature/Articles.feature:27
classpath:conduitApp/feature/Articles.feature:28
classpath:conduitApp/feature/Articles.feature:29
classpath:conduitApp/feature/Articles.feature:30
classpath:conduitApp/feature/Articles.feature:33
classpath:conduitApp/feature/Articles.feature:34
classpath:conduitApp/feature/Articles.feature:35
classpath:conduitApp/feature/Articles.feature:36
classpath:conduitApp/feature/Articles.feature:37
classpath:conduitApp/feature/Articles.feature:39
16:30:14.951 [main] ERROR com.intuit.karate - classpath:conduitApp/feature/Articles.feature:40
Given path 'articles'
>> classpath:conduitApp/feature/Articles.feature:25
>> karate-config.js failed
>> TypeError: invokeMember (configurer) on com.intuit.karate.core.ScenarioBridge failed due to: Unknown identifier: configurer
js failed:
>>>>
01: function fn() {
02:   var env = karate.env; // get system property 'karate.env'
03:   karate.log('karate.env system property was:', env);
04:   if (!env) {
05:     env = 'dev';
06:   }
07:   var config = {
08: 
09:     apiUrl: 'https://conduit-api.bondaracademy.com/api'
10:   }
11:   if (env == 'dev') {
12:     config.userEmail = 'lucho@test.com'
13:     config.userPassword = 'KarateLucho'
14: 
15:   } else if (env == 'qa') {
16: 
17:     config.userEmail = 'lucho2@test.com'
18:     config.userPassword = 'KarateLucho2'
19:   }
20: 
21:   var accessToken = karate.callSingle('classpath:helpers/CreateToken.feature', config).authToken
22:   karate.configurer('headers', {Authorization: 'Token '+ accessToken})
23:   return config;
24: }
<<<<
org.graalvm.polyglot.PolyglotException: TypeError: invokeMember (configurer) on com.intuit.karate.core.ScenarioBridge failed due to: Unknown identifier: configurer
- <js>.fn(Unnamed:22)

classpath:conduitApp/feature/Articles.feature:4
classpath:conduitApp/feature/Articles.feature:13
classpath:conduitApp/feature/Articles.feature:14
classpath:conduitApp/feature/Articles.feature:26
classpath:conduitApp/feature/Articles.feature:27
classpath:conduitApp/feature/Articles.feature:28
classpath:conduitApp/feature/Articles.feature:29
classpath:conduitApp/feature/Articles.feature:30
classpath:conduitApp/feature/Articles.feature:33
classpath:conduitApp/feature/Articles.feature:34
classpath:conduitApp/feature/Articles.feature:35
classpath:conduitApp/feature/Articles.feature:36
classpath:conduitApp/feature/Articles.feature:37
classpath:conduitApp/feature/Articles.feature:39
classpath:conduitApp/feature/Articles.feature:40
16:30:14.953 [main] ERROR com.intuit.karate - classpath:conduitApp/feature/Articles.feature:41
When method Get
>> classpath:conduitApp/feature/Articles.feature:25
>> karate-config.js failed
>> TypeError: invokeMember (configurer) on com.intuit.karate.core.ScenarioBridge failed due to: Unknown identifier: configurer
js failed:
>>>>
01: function fn() {
02:   var env = karate.env; // get system property 'karate.env'
03:   karate.log('karate.env system property was:', env);
04:   if (!env) {
05:     env = 'dev';
06:   }
07:   var config = {
08: 
09:     apiUrl: 'https://conduit-api.bondaracademy.com/api'
10:   }
11:   if (env == 'dev') {
12:     config.userEmail = 'lucho@test.com'
13:     config.userPassword = 'KarateLucho'
14: 
15:   } else if (env == 'qa') {
16: 
17:     config.userEmail = 'lucho2@test.com'
18:     config.userPassword = 'KarateLucho2'
19:   }
20: 
21:   var accessToken = karate.callSingle('classpath:helpers/CreateToken.feature', config).authToken
22:   karate.configurer('headers', {Authorization: 'Token '+ accessToken})
23:   return config;
24: }
<<<<
org.graalvm.polyglot.PolyglotException: TypeError: invokeMember (configurer) on com.intuit.karate.core.ScenarioBridge failed due to: Unknown identifier: configurer
- <js>.fn(Unnamed:22)

classpath:conduitApp/feature/Articles.feature:4
classpath:conduitApp/feature/Articles.feature:13
classpath:conduitApp/feature/Articles.feature:14
classpath:conduitApp/feature/Articles.feature:26
classpath:conduitApp/feature/Articles.feature:27
classpath:conduitApp/feature/Articles.feature:28
classpath:conduitApp/feature/Articles.feature:29
classpath:conduitApp/feature/Articles.feature:30
classpath:conduitApp/feature/Articles.feature:33
classpath:conduitApp/feature/Articles.feature:34
classpath:conduitApp/feature/Articles.feature:35
classpath:conduitApp/feature/Articles.feature:36
classpath:conduitApp/feature/Articles.feature:37
classpath:conduitApp/feature/Articles.feature:39
classpath:conduitApp/feature/Articles.feature:40
classpath:conduitApp/feature/Articles.feature:41
16:30:14.954 [main] ERROR com.intuit.karate - classpath:conduitApp/feature/Articles.feature:42
Then status 200
>> classpath:conduitApp/feature/Articles.feature:25
>> karate-config.js failed
>> TypeError: invokeMember (configurer) on com.intuit.karate.core.ScenarioBridge failed due to: Unknown identifier: configurer
js failed:
>>>>
01: function fn() {
02:   var env = karate.env; // get system property 'karate.env'
03:   karate.log('karate.env system property was:', env);
04:   if (!env) {
05:     env = 'dev';
06:   }
07:   var config = {
08: 
09:     apiUrl: 'https://conduit-api.bondaracademy.com/api'
10:   }
11:   if (env == 'dev') {
12:     config.userEmail = 'lucho@test.com'
13:     config.userPassword = 'KarateLucho'
14: 
15:   } else if (env == 'qa') {
16: 
17:     config.userEmail = 'lucho2@test.com'
18:     config.userPassword = 'KarateLucho2'
19:   }
20: 
21:   var accessToken = karate.callSingle('classpath:helpers/CreateToken.feature', config).authToken
22:   karate.configurer('headers', {Authorization: 'Token '+ accessToken})
23:   return config;
24: }
<<<<
org.graalvm.polyglot.PolyglotException: TypeError: invokeMember (configurer) on com.intuit.karate.core.ScenarioBridge failed due to: Unknown identifier: configurer
- <js>.fn(Unnamed:22)

classpath:conduitApp/feature/Articles.feature:4
classpath:conduitApp/feature/Articles.feature:13
classpath:conduitApp/feature/Articles.feature:14
classpath:conduitApp/feature/Articles.feature:26
classpath:conduitApp/feature/Articles.feature:27
classpath:conduitApp/feature/Articles.feature:28
classpath:conduitApp/feature/Articles.feature:29
classpath:conduitApp/feature/Articles.feature:30
classpath:conduitApp/feature/Articles.feature:33
classpath:conduitApp/feature/Articles.feature:34
classpath:conduitApp/feature/Articles.feature:35
classpath:conduitApp/feature/Articles.feature:36
classpath:conduitApp/feature/Articles.feature:37
classpath:conduitApp/feature/Articles.feature:39
classpath:conduitApp/feature/Articles.feature:40
classpath:conduitApp/feature/Articles.feature:41
classpath:conduitApp/feature/Articles.feature:42
16:30:14.954 [main] ERROR com.intuit.karate - classpath:conduitApp/feature/Articles.feature:46
Given path 'articles',articleId
>> classpath:conduitApp/feature/Articles.feature:25
>> karate-config.js failed
>> TypeError: invokeMember (configurer) on com.intuit.karate.core.ScenarioBridge failed due to: Unknown identifier: configurer
js failed:
>>>>
01: function fn() {
02:   var env = karate.env; // get system property 'karate.env'
03:   karate.log('karate.env system property was:', env);
04:   if (!env) {
05:     env = 'dev';
06:   }
07:   var config = {
08: 
09:     apiUrl: 'https://conduit-api.bondaracademy.com/api'
10:   }
11:   if (env == 'dev') {
12:     config.userEmail = 'lucho@test.com'
13:     config.userPassword = 'KarateLucho'
14: 
15:   } else if (env == 'qa') {
16: 
17:     config.userEmail = 'lucho2@test.com'
18:     config.userPassword = 'KarateLucho2'
19:   }
20: 
21:   var accessToken = karate.callSingle('classpath:helpers/CreateToken.feature', config).authToken
22:   karate.configurer('headers', {Authorization: 'Token '+ accessToken})
23:   return config;
24: }
<<<<
org.graalvm.polyglot.PolyglotException: TypeError: invokeMember (configurer) on com.intuit.karate.core.ScenarioBridge failed due to: Unknown identifier: configurer
- <js>.fn(Unnamed:22)

classpath:conduitApp/feature/Articles.feature:4
classpath:conduitApp/feature/Articles.feature:13
classpath:conduitApp/feature/Articles.feature:14
classpath:conduitApp/feature/Articles.feature:26
classpath:conduitApp/feature/Articles.feature:27
classpath:conduitApp/feature/Articles.feature:28
classpath:conduitApp/feature/Articles.feature:29
classpath:conduitApp/feature/Articles.feature:30
classpath:conduitApp/feature/Articles.feature:33
classpath:conduitApp/feature/Articles.feature:34
classpath:conduitApp/feature/Articles.feature:35
classpath:conduitApp/feature/Articles.feature:36
classpath:conduitApp/feature/Articles.feature:37
classpath:conduitApp/feature/Articles.feature:39
classpath:conduitApp/feature/Articles.feature:40
classpath:conduitApp/feature/Articles.feature:41
classpath:conduitApp/feature/Articles.feature:42
classpath:conduitApp/feature/Articles.feature:46
16:30:14.959 [main] ERROR com.intuit.karate - classpath:conduitApp/feature/Articles.feature:47
When method Delete
>> classpath:conduitApp/feature/Articles.feature:25
>> karate-config.js failed
>> TypeError: invokeMember (configurer) on com.intuit.karate.core.ScenarioBridge failed due to: Unknown identifier: configurer
js failed:
>>>>
01: function fn() {
02:   var env = karate.env; // get system property 'karate.env'
03:   karate.log('karate.env system property was:', env);
04:   if (!env) {
05:     env = 'dev';
06:   }
07:   var config = {
08: 
09:     apiUrl: 'https://conduit-api.bondaracademy.com/api'
10:   }
11:   if (env == 'dev') {
12:     config.userEmail = 'lucho@test.com'
13:     config.userPassword = 'KarateLucho'
14: 
15:   } else if (env == 'qa') {
16: 
17:     config.userEmail = 'lucho2@test.com'
18:     config.userPassword = 'KarateLucho2'
19:   }
20: 
21:   var accessToken = karate.callSingle('classpath:helpers/CreateToken.feature', config).authToken
22:   karate.configurer('headers', {Authorization: 'Token '+ accessToken})
23:   return config;
24: }
<<<<
org.graalvm.polyglot.PolyglotException: TypeError: invokeMember (configurer) on com.intuit.karate.core.ScenarioBridge failed due to: Unknown identifier: configurer
- <js>.fn(Unnamed:22)

classpath:conduitApp/feature/Articles.feature:4
classpath:conduitApp/feature/Articles.feature:13
classpath:conduitApp/feature/Articles.feature:14
classpath:conduitApp/feature/Articles.feature:26
classpath:conduitApp/feature/Articles.feature:27
classpath:conduitApp/feature/Articles.feature:28
classpath:conduitApp/feature/Articles.feature:29
classpath:conduitApp/feature/Articles.feature:30
classpath:conduitApp/feature/Articles.feature:33
classpath:conduitApp/feature/Articles.feature:34
classpath:conduitApp/feature/Articles.feature:35
classpath:conduitApp/feature/Articles.feature:36
classpath:conduitApp/feature/Articles.feature:37
classpath:conduitApp/feature/Articles.feature:39
classpath:conduitApp/feature/Articles.feature:40
classpath:conduitApp/feature/Articles.feature:41
classpath:conduitApp/feature/Articles.feature:42
classpath:conduitApp/feature/Articles.feature:46
classpath:conduitApp/feature/Articles.feature:47
16:30:14.964 [main] ERROR com.intuit.karate - classpath:conduitApp/feature/Articles.feature:48
Then status 204
>> classpath:conduitApp/feature/Articles.feature:25
>> karate-config.js failed
>> TypeError: invokeMember (configurer) on com.intuit.karate.core.ScenarioBridge failed due to: Unknown identifier: configurer
js failed:
>>>>
01: function fn() {
02:   var env = karate.env; // get system property 'karate.env'
03:   karate.log('karate.env system property was:', env);
04:   if (!env) {
05:     env = 'dev';
06:   }
07:   var config = {
08: 
09:     apiUrl: 'https://conduit-api.bondaracademy.com/api'
10:   }
11:   if (env == 'dev') {
12:     config.userEmail = 'lucho@test.com'
13:     config.userPassword = 'KarateLucho'
14: 
15:   } else if (env == 'qa') {
16: 
17:     config.userEmail = 'lucho2@test.com'
18:     config.userPassword = 'KarateLucho2'
19:   }
20: 
21:   var accessToken = karate.callSingle('classpath:helpers/CreateToken.feature', config).authToken
22:   karate.configurer('headers', {Authorization: 'Token '+ accessToken})
23:   return config;
24: }
<<<<
org.graalvm.polyglot.PolyglotException: TypeError: invokeMember (configurer) on com.intuit.karate.core.ScenarioBridge failed due to: Unknown identifier: configurer
- <js>.fn(Unnamed:22)

classpath:conduitApp/feature/Articles.feature:4
classpath:conduitApp/feature/Articles.feature:13
classpath:conduitApp/feature/Articles.feature:14
classpath:conduitApp/feature/Articles.feature:26
classpath:conduitApp/feature/Articles.feature:27
classpath:conduitApp/feature/Articles.feature:28
classpath:conduitApp/feature/Articles.feature:29
classpath:conduitApp/feature/Articles.feature:30
classpath:conduitApp/feature/Articles.feature:33
classpath:conduitApp/feature/Articles.feature:34
classpath:conduitApp/feature/Articles.feature:35
classpath:conduitApp/feature/Articles.feature:36
classpath:conduitApp/feature/Articles.feature:37
classpath:conduitApp/feature/Articles.feature:39
classpath:conduitApp/feature/Articles.feature:40
classpath:conduitApp/feature/Articles.feature:41
classpath:conduitApp/feature/Articles.feature:42
classpath:conduitApp/feature/Articles.feature:46
classpath:conduitApp/feature/Articles.feature:47
classpath:conduitApp/feature/Articles.feature:48
16:30:14.968 [main] ERROR com.intuit.karate - classpath:conduitApp/feature/Articles.feature:50
Given params {limit: 10, offset: 0}
>> classpath:conduitApp/feature/Articles.feature:25
>> karate-config.js failed
>> TypeError: invokeMember (configurer) on com.intuit.karate.core.ScenarioBridge failed due to: Unknown identifier: configurer
js failed:
>>>>
01: function fn() {
02:   var env = karate.env; // get system property 'karate.env'
03:   karate.log('karate.env system property was:', env);
04:   if (!env) {
05:     env = 'dev';
06:   }
07:   var config = {
08: 
09:     apiUrl: 'https://conduit-api.bondaracademy.com/api'
10:   }
11:   if (env == 'dev') {
12:     config.userEmail = 'lucho@test.com'
13:     config.userPassword = 'KarateLucho'
14: 
15:   } else if (env == 'qa') {
16: 
17:     config.userEmail = 'lucho2@test.com'
18:     config.userPassword = 'KarateLucho2'
19:   }
20: 
21:   var accessToken = karate.callSingle('classpath:helpers/CreateToken.feature', config).authToken
22:   karate.configurer('headers', {Authorization: 'Token '+ accessToken})
23:   return config;
24: }
<<<<
org.graalvm.polyglot.PolyglotException: TypeError: invokeMember (configurer) on com.intuit.karate.core.ScenarioBridge failed due to: Unknown identifier: configurer
- <js>.fn(Unnamed:22)

classpath:conduitApp/feature/Articles.feature:4
classpath:conduitApp/feature/Articles.feature:13
classpath:conduitApp/feature/Articles.feature:14
classpath:conduitApp/feature/Articles.feature:26
classpath:conduitApp/feature/Articles.feature:27
classpath:conduitApp/feature/Articles.feature:28
classpath:conduitApp/feature/Articles.feature:29
classpath:conduitApp/feature/Articles.feature:30
classpath:conduitApp/feature/Articles.feature:33
classpath:conduitApp/feature/Articles.feature:34
classpath:conduitApp/feature/Articles.feature:35
classpath:conduitApp/feature/Articles.feature:36
classpath:conduitApp/feature/Articles.feature:37
classpath:conduitApp/feature/Articles.feature:39
classpath:conduitApp/feature/Articles.feature:40
classpath:conduitApp/feature/Articles.feature:41
classpath:conduitApp/feature/Articles.feature:42
classpath:conduitApp/feature/Articles.feature:46
classpath:conduitApp/feature/Articles.feature:47
classpath:conduitApp/feature/Articles.feature:48
classpath:conduitApp/feature/Articles.feature:50
16:30:14.969 [main] ERROR com.intuit.karate - classpath:conduitApp/feature/Articles.feature:51
Given path 'articles'
>> classpath:conduitApp/feature/Articles.feature:25
>> karate-config.js failed
>> TypeError: invokeMember (configurer) on com.intuit.karate.core.ScenarioBridge failed due to: Unknown identifier: configurer
js failed:
>>>>
01: function fn() {
02:   var env = karate.env; // get system property 'karate.env'
03:   karate.log('karate.env system property was:', env);
04:   if (!env) {
05:     env = 'dev';
06:   }
07:   var config = {
08: 
09:     apiUrl: 'https://conduit-api.bondaracademy.com/api'
10:   }
11:   if (env == 'dev') {
12:     config.userEmail = 'lucho@test.com'
13:     config.userPassword = 'KarateLucho'
14: 
15:   } else if (env == 'qa') {
16: 
17:     config.userEmail = 'lucho2@test.com'
18:     config.userPassword = 'KarateLucho2'
19:   }
20: 
21:   var accessToken = karate.callSingle('classpath:helpers/CreateToken.feature', config).authToken
22:   karate.configurer('headers', {Authorization: 'Token '+ accessToken})
23:   return config;
24: }
<<<<
org.graalvm.polyglot.PolyglotException: TypeError: invokeMember (configurer) on com.intuit.karate.core.ScenarioBridge failed due to: Unknown identifier: configurer
- <js>.fn(Unnamed:22)

classpath:conduitApp/feature/Articles.feature:4
classpath:conduitApp/feature/Articles.feature:13
classpath:conduitApp/feature/Articles.feature:14
classpath:conduitApp/feature/Articles.feature:26
classpath:conduitApp/feature/Articles.feature:27
classpath:conduitApp/feature/Articles.feature:28
classpath:conduitApp/feature/Articles.feature:29
classpath:conduitApp/feature/Articles.feature:30
classpath:conduitApp/feature/Articles.feature:33
classpath:conduitApp/feature/Articles.feature:34
classpath:conduitApp/feature/Articles.feature:35
classpath:conduitApp/feature/Articles.feature:36
classpath:conduitApp/feature/Articles.feature:37
classpath:conduitApp/feature/Articles.feature:39
classpath:conduitApp/feature/Articles.feature:40
classpath:conduitApp/feature/Articles.feature:41
classpath:conduitApp/feature/Articles.feature:42
classpath:conduitApp/feature/Articles.feature:46
classpath:conduitApp/feature/Articles.feature:47
classpath:conduitApp/feature/Articles.feature:48
classpath:conduitApp/feature/Articles.feature:50
classpath:conduitApp/feature/Articles.feature:51
16:30:14.970 [main] ERROR com.intuit.karate - classpath:conduitApp/feature/Articles.feature:52
When method Get
>> classpath:conduitApp/feature/Articles.feature:25
>> karate-config.js failed
>> TypeError: invokeMember (configurer) on com.intuit.karate.core.ScenarioBridge failed due to: Unknown identifier: configurer
js failed:
>>>>
01: function fn() {
02:   var env = karate.env; // get system property 'karate.env'
03:   karate.log('karate.env system property was:', env);
04:   if (!env) {
05:     env = 'dev';
06:   }
07:   var config = {
08: 
09:     apiUrl: 'https://conduit-api.bondaracademy.com/api'
10:   }
11:   if (env == 'dev') {
12:     config.userEmail = 'lucho@test.com'
13:     config.userPassword = 'KarateLucho'
14: 
15:   } else if (env == 'qa') {
16: 
17:     config.userEmail = 'lucho2@test.com'
18:     config.userPassword = 'KarateLucho2'
19:   }
20: 
21:   var accessToken = karate.callSingle('classpath:helpers/CreateToken.feature', config).authToken
22:   karate.configurer('headers', {Authorization: 'Token '+ accessToken})
23:   return config;
24: }
<<<<
org.graalvm.polyglot.PolyglotException: TypeError: invokeMember (configurer) on com.intuit.karate.core.ScenarioBridge failed due to: Unknown identifier: configurer
- <js>.fn(Unnamed:22)

classpath:conduitApp/feature/Articles.feature:4
classpath:conduitApp/feature/Articles.feature:13
classpath:conduitApp/feature/Articles.feature:14
classpath:conduitApp/feature/Articles.feature:26
classpath:conduitApp/feature/Articles.feature:27
classpath:conduitApp/feature/Articles.feature:28
classpath:conduitApp/feature/Articles.feature:29
classpath:conduitApp/feature/Articles.feature:30
classpath:conduitApp/feature/Articles.feature:33
classpath:conduitApp/feature/Articles.feature:34
classpath:conduitApp/feature/Articles.feature:35
classpath:conduitApp/feature/Articles.feature:36
classpath:conduitApp/feature/Articles.feature:37
classpath:conduitApp/feature/Articles.feature:39
classpath:conduitApp/feature/Articles.feature:40
classpath:conduitApp/feature/Articles.feature:41
classpath:conduitApp/feature/Articles.feature:42
classpath:conduitApp/feature/Articles.feature:46
classpath:conduitApp/feature/Articles.feature:47
classpath:conduitApp/feature/Articles.feature:48
classpath:conduitApp/feature/Articles.feature:50
classpath:conduitApp/feature/Articles.feature:51
classpath:conduitApp/feature/Articles.feature:52
16:30:14.971 [main] ERROR com.intuit.karate - classpath:conduitApp/feature/Articles.feature:53
Then status 200
>> classpath:conduitApp/feature/Articles.feature:25
>> karate-config.js failed
>> TypeError: invokeMember (configurer) on com.intuit.karate.core.ScenarioBridge failed due to: Unknown identifier: configurer
js failed:
>>>>
01: function fn() {
02:   var env = karate.env; // get system property 'karate.env'
03:   karate.log('karate.env system property was:', env);
04:   if (!env) {
05:     env = 'dev';
06:   }
07:   var config = {
08: 
09:     apiUrl: 'https://conduit-api.bondaracademy.com/api'
10:   }
11:   if (env == 'dev') {
12:     config.userEmail = 'lucho@test.com'
13:     config.userPassword = 'KarateLucho'
14: 
15:   } else if (env == 'qa') {
16: 
17:     config.userEmail = 'lucho2@test.com'
18:     config.userPassword = 'KarateLucho2'
19:   }
20: 
21:   var accessToken = karate.callSingle('classpath:helpers/CreateToken.feature', config).authToken
22:   karate.configurer('headers', {Authorization: 'Token '+ accessToken})
23:   return config;
24: }
<<<<
org.graalvm.polyglot.PolyglotException: TypeError: invokeMember (configurer) on com.intuit.karate.core.ScenarioBridge failed due to: Unknown identifier: configurer
- <js>.fn(Unnamed:22)

classpath:conduitApp/feature/Articles.feature:4
classpath:conduitApp/feature/Articles.feature:13
classpath:conduitApp/feature/Articles.feature:14
classpath:conduitApp/feature/Articles.feature:26
classpath:conduitApp/feature/Articles.feature:27
classpath:conduitApp/feature/Articles.feature:28
classpath:conduitApp/feature/Articles.feature:29
classpath:conduitApp/feature/Articles.feature:30
classpath:conduitApp/feature/Articles.feature:33
classpath:conduitApp/feature/Articles.feature:34
classpath:conduitApp/feature/Articles.feature:35
classpath:conduitApp/feature/Articles.feature:36
classpath:conduitApp/feature/Articles.feature:37
classpath:conduitApp/feature/Articles.feature:39
classpath:conduitApp/feature/Articles.feature:40
classpath:conduitApp/feature/Articles.feature:41
classpath:conduitApp/feature/Articles.feature:42
classpath:conduitApp/feature/Articles.feature:46
classpath:conduitApp/feature/Articles.feature:47
classpath:conduitApp/feature/Articles.feature:48
classpath:conduitApp/feature/Articles.feature:50
classpath:conduitApp/feature/Articles.feature:51
classpath:conduitApp/feature/Articles.feature:52
classpath:conduitApp/feature/Articles.feature:53
16:30:14.971 [main] ERROR com.intuit.karate - classpath:conduitApp/feature/Articles.feature:54
And match response.articles[0].title != 'Delete Article'
>> classpath:conduitApp/feature/Articles.feature:25
>> karate-config.js failed
>> TypeError: invokeMember (configurer) on com.intuit.karate.core.ScenarioBridge failed due to: Unknown identifier: configurer
js failed:
>>>>
01: function fn() {
02:   var env = karate.env; // get system property 'karate.env'
03:   karate.log('karate.env system property was:', env);
04:   if (!env) {
05:     env = 'dev';
06:   }
07:   var config = {
08: 
09:     apiUrl: 'https://conduit-api.bondaracademy.com/api'
10:   }
11:   if (env == 'dev') {
12:     config.userEmail = 'lucho@test.com'
13:     config.userPassword = 'KarateLucho'
14: 
15:   } else if (env == 'qa') {
16: 
17:     config.userEmail = 'lucho2@test.com'
18:     config.userPassword = 'KarateLucho2'
19:   }
20: 
21:   var accessToken = karate.callSingle('classpath:helpers/CreateToken.feature', config).authToken
22:   karate.configurer('headers', {Authorization: 'Token '+ accessToken})
23:   return config;
24: }
<<<<
org.graalvm.polyglot.PolyglotException: TypeError: invokeMember (configurer) on com.intuit.karate.core.ScenarioBridge failed due to: Unknown identifier: configurer
- <js>.fn(Unnamed:22)

classpath:conduitApp/feature/Articles.feature:4
classpath:conduitApp/feature/Articles.feature:13
classpath:conduitApp/feature/Articles.feature:14
classpath:conduitApp/feature/Articles.feature:26
classpath:conduitApp/feature/Articles.feature:27
classpath:conduitApp/feature/Articles.feature:28
classpath:conduitApp/feature/Articles.feature:29
classpath:conduitApp/feature/Articles.feature:30
classpath:conduitApp/feature/Articles.feature:33
classpath:conduitApp/feature/Articles.feature:34
classpath:conduitApp/feature/Articles.feature:35
classpath:conduitApp/feature/Articles.feature:36
classpath:conduitApp/feature/Articles.feature:37
classpath:conduitApp/feature/Articles.feature:39
classpath:conduitApp/feature/Articles.feature:40
classpath:conduitApp/feature/Articles.feature:41
classpath:conduitApp/feature/Articles.feature:42
classpath:conduitApp/feature/Articles.feature:46
classpath:conduitApp/feature/Articles.feature:47
classpath:conduitApp/feature/Articles.feature:48
classpath:conduitApp/feature/Articles.feature:50
classpath:conduitApp/feature/Articles.feature:51
classpath:conduitApp/feature/Articles.feature:52
classpath:conduitApp/feature/Articles.feature:53
classpath:conduitApp/feature/Articles.feature:54
---------------------------------------------------------
feature: classpath:conduitApp/feature/Articles.feature
scenarios:  1 | passed:  0 | failed:  1 | time: 0,0000
---------------------------------------------------------

]]></system-out>
  </testcase>
</testsuite>